[2023-08-16T05:49:19.168+0000] {processor.py:157} INFO - Started process (PID=31) to work on /opt/airflow/dags/my_dag.py
[2023-08-16T05:49:19.169+0000] {processor.py:826} INFO - Processing file /opt/airflow/dags/my_dag.py for tasks to queue
[2023-08-16T05:49:19.170+0000] {logging_mixin.py:150} INFO - [2023-08-16T05:49:19.170+0000] {dagbag.py:541} INFO - Filling up the DagBag from /opt/airflow/dags/my_dag.py
[2023-08-16T05:49:19.217+0000] {processor.py:836} INFO - DAG(s) dict_keys(['my_dag']) retrieved from /opt/airflow/dags/my_dag.py
[2023-08-16T05:49:19.471+0000] {logging_mixin.py:150} INFO - [2023-08-16T05:49:19.471+0000] {manager.py:504} INFO - Created Permission View: can delete on DAG:my_dag
[2023-08-16T05:49:19.477+0000] {logging_mixin.py:150} INFO - [2023-08-16T05:49:19.477+0000] {manager.py:504} INFO - Created Permission View: can edit on DAG:my_dag
[2023-08-16T05:49:19.482+0000] {logging_mixin.py:150} INFO - [2023-08-16T05:49:19.482+0000] {manager.py:504} INFO - Created Permission View: can read on DAG:my_dag
[2023-08-16T05:49:19.490+0000] {logging_mixin.py:150} INFO - [2023-08-16T05:49:19.490+0000] {dag.py:2742} INFO - Sync 1 DAGs
[2023-08-16T05:49:19.497+0000] {logging_mixin.py:150} INFO - [2023-08-16T05:49:19.497+0000] {dag.py:2763} INFO - Creating ORM DAG for my_dag
[2023-08-16T05:49:19.506+0000] {logging_mixin.py:150} INFO - [2023-08-16T05:49:19.506+0000] {dag.py:3508} INFO - Setting next_dagrun for my_dag to 2023-08-15T00:00:00+00:00, run_after=2023-08-16T00:00:00+00:00
[2023-08-16T05:49:19.517+0000] {processor.py:179} INFO - Processing /opt/airflow/dags/my_dag.py took 0.354 seconds
[2023-08-16T05:49:49.646+0000] {processor.py:157} INFO - Started process (PID=89) to work on /opt/airflow/dags/my_dag.py
[2023-08-16T05:49:49.647+0000] {processor.py:826} INFO - Processing file /opt/airflow/dags/my_dag.py for tasks to queue
[2023-08-16T05:49:49.648+0000] {logging_mixin.py:150} INFO - [2023-08-16T05:49:49.648+0000] {dagbag.py:541} INFO - Filling up the DagBag from /opt/airflow/dags/my_dag.py
[2023-08-16T05:49:49.662+0000] {processor.py:836} INFO - DAG(s) dict_keys(['my_dag']) retrieved from /opt/airflow/dags/my_dag.py
[2023-08-16T05:49:49.684+0000] {logging_mixin.py:150} INFO - [2023-08-16T05:49:49.684+0000] {dag.py:2742} INFO - Sync 1 DAGs
[2023-08-16T05:49:49.701+0000] {logging_mixin.py:150} INFO - [2023-08-16T05:49:49.700+0000] {dag.py:3508} INFO - Setting next_dagrun for my_dag to 2023-08-15T00:00:00+00:00, run_after=2023-08-16T00:00:00+00:00
[2023-08-16T05:49:49.710+0000] {processor.py:179} INFO - Processing /opt/airflow/dags/my_dag.py took 0.069 seconds
[2023-08-16T05:50:19.935+0000] {processor.py:157} INFO - Started process (PID=151) to work on /opt/airflow/dags/my_dag.py
[2023-08-16T05:50:19.937+0000] {processor.py:826} INFO - Processing file /opt/airflow/dags/my_dag.py for tasks to queue
[2023-08-16T05:50:19.939+0000] {logging_mixin.py:150} INFO - [2023-08-16T05:50:19.938+0000] {dagbag.py:541} INFO - Filling up the DagBag from /opt/airflow/dags/my_dag.py
[2023-08-16T05:50:19.973+0000] {processor.py:836} INFO - DAG(s) dict_keys(['my_dag']) retrieved from /opt/airflow/dags/my_dag.py
[2023-08-16T05:50:20.005+0000] {logging_mixin.py:150} INFO - [2023-08-16T05:50:20.005+0000] {dag.py:2742} INFO - Sync 1 DAGs
[2023-08-16T05:50:20.033+0000] {logging_mixin.py:150} INFO - [2023-08-16T05:50:20.033+0000] {dag.py:3508} INFO - Setting next_dagrun for my_dag to 2023-08-16T00:00:00+00:00, run_after=2023-08-17T00:00:00+00:00
[2023-08-16T05:50:20.058+0000] {processor.py:179} INFO - Processing /opt/airflow/dags/my_dag.py took 0.128 seconds
[2023-08-16T05:50:50.309+0000] {processor.py:157} INFO - Started process (PID=214) to work on /opt/airflow/dags/my_dag.py
[2023-08-16T05:50:50.311+0000] {processor.py:826} INFO - Processing file /opt/airflow/dags/my_dag.py for tasks to queue
[2023-08-16T05:50:50.312+0000] {logging_mixin.py:150} INFO - [2023-08-16T05:50:50.312+0000] {dagbag.py:541} INFO - Filling up the DagBag from /opt/airflow/dags/my_dag.py
[2023-08-16T05:50:50.330+0000] {processor.py:836} INFO - DAG(s) dict_keys(['my_dag']) retrieved from /opt/airflow/dags/my_dag.py
[2023-08-16T05:50:50.353+0000] {logging_mixin.py:150} INFO - [2023-08-16T05:50:50.352+0000] {dag.py:2742} INFO - Sync 1 DAGs
[2023-08-16T05:50:50.370+0000] {logging_mixin.py:150} INFO - [2023-08-16T05:50:50.370+0000] {dag.py:3508} INFO - Setting next_dagrun for my_dag to 2023-08-16T00:00:00+00:00, run_after=2023-08-17T00:00:00+00:00
[2023-08-16T05:50:50.380+0000] {processor.py:179} INFO - Processing /opt/airflow/dags/my_dag.py took 0.078 seconds
[2023-08-16T05:51:20.533+0000] {processor.py:157} INFO - Started process (PID=272) to work on /opt/airflow/dags/my_dag.py
[2023-08-16T05:51:20.535+0000] {processor.py:826} INFO - Processing file /opt/airflow/dags/my_dag.py for tasks to queue
[2023-08-16T05:51:20.536+0000] {logging_mixin.py:150} INFO - [2023-08-16T05:51:20.536+0000] {dagbag.py:541} INFO - Filling up the DagBag from /opt/airflow/dags/my_dag.py
[2023-08-16T05:51:20.554+0000] {processor.py:836} INFO - DAG(s) dict_keys(['my_dag']) retrieved from /opt/airflow/dags/my_dag.py
[2023-08-16T05:51:20.582+0000] {logging_mixin.py:150} INFO - [2023-08-16T05:51:20.582+0000] {dag.py:2742} INFO - Sync 1 DAGs
[2023-08-16T05:51:20.605+0000] {logging_mixin.py:150} INFO - [2023-08-16T05:51:20.605+0000] {dag.py:3508} INFO - Setting next_dagrun for my_dag to 2023-08-16T00:00:00+00:00, run_after=2023-08-17T00:00:00+00:00
[2023-08-16T05:51:20.619+0000] {processor.py:179} INFO - Processing /opt/airflow/dags/my_dag.py took 0.092 seconds
[2023-08-16T05:51:50.888+0000] {processor.py:157} INFO - Started process (PID=330) to work on /opt/airflow/dags/my_dag.py
[2023-08-16T05:51:50.889+0000] {processor.py:826} INFO - Processing file /opt/airflow/dags/my_dag.py for tasks to queue
[2023-08-16T05:51:50.890+0000] {logging_mixin.py:150} INFO - [2023-08-16T05:51:50.890+0000] {dagbag.py:541} INFO - Filling up the DagBag from /opt/airflow/dags/my_dag.py
[2023-08-16T05:51:50.921+0000] {processor.py:836} INFO - DAG(s) dict_keys(['my_dag']) retrieved from /opt/airflow/dags/my_dag.py
[2023-08-16T05:51:50.946+0000] {logging_mixin.py:150} INFO - [2023-08-16T05:51:50.946+0000] {dag.py:2742} INFO - Sync 1 DAGs
[2023-08-16T05:51:50.967+0000] {logging_mixin.py:150} INFO - [2023-08-16T05:51:50.967+0000] {dag.py:3508} INFO - Setting next_dagrun for my_dag to 2023-08-16T00:00:00+00:00, run_after=2023-08-17T00:00:00+00:00
[2023-08-16T05:51:50.978+0000] {processor.py:179} INFO - Processing /opt/airflow/dags/my_dag.py took 0.094 seconds
[2023-08-16T05:52:21.014+0000] {processor.py:157} INFO - Started process (PID=388) to work on /opt/airflow/dags/my_dag.py
[2023-08-16T05:52:21.015+0000] {processor.py:826} INFO - Processing file /opt/airflow/dags/my_dag.py for tasks to queue
[2023-08-16T05:52:21.016+0000] {logging_mixin.py:150} INFO - [2023-08-16T05:52:21.016+0000] {dagbag.py:541} INFO - Filling up the DagBag from /opt/airflow/dags/my_dag.py
[2023-08-16T05:52:21.031+0000] {processor.py:836} INFO - DAG(s) dict_keys(['my_dag']) retrieved from /opt/airflow/dags/my_dag.py
[2023-08-16T05:52:21.052+0000] {logging_mixin.py:150} INFO - [2023-08-16T05:52:21.052+0000] {dag.py:2742} INFO - Sync 1 DAGs
[2023-08-16T05:52:21.068+0000] {logging_mixin.py:150} INFO - [2023-08-16T05:52:21.068+0000] {dag.py:3508} INFO - Setting next_dagrun for my_dag to 2023-08-16T00:00:00+00:00, run_after=2023-08-17T00:00:00+00:00
[2023-08-16T05:52:21.076+0000] {processor.py:179} INFO - Processing /opt/airflow/dags/my_dag.py took 0.067 seconds
[2023-08-16T05:52:51.199+0000] {processor.py:157} INFO - Started process (PID=446) to work on /opt/airflow/dags/my_dag.py
[2023-08-16T05:52:51.201+0000] {processor.py:826} INFO - Processing file /opt/airflow/dags/my_dag.py for tasks to queue
[2023-08-16T05:52:51.202+0000] {logging_mixin.py:150} INFO - [2023-08-16T05:52:51.201+0000] {dagbag.py:541} INFO - Filling up the DagBag from /opt/airflow/dags/my_dag.py
[2023-08-16T05:52:51.213+0000] {processor.py:836} INFO - DAG(s) dict_keys(['my_dag']) retrieved from /opt/airflow/dags/my_dag.py
[2023-08-16T05:52:51.231+0000] {logging_mixin.py:150} INFO - [2023-08-16T05:52:51.231+0000] {dag.py:2742} INFO - Sync 1 DAGs
[2023-08-16T05:52:51.247+0000] {logging_mixin.py:150} INFO - [2023-08-16T05:52:51.246+0000] {dag.py:3508} INFO - Setting next_dagrun for my_dag to 2023-08-16T00:00:00+00:00, run_after=2023-08-17T00:00:00+00:00
[2023-08-16T05:52:51.255+0000] {processor.py:179} INFO - Processing /opt/airflow/dags/my_dag.py took 0.060 seconds
[2023-08-16T05:53:21.469+0000] {processor.py:157} INFO - Started process (PID=504) to work on /opt/airflow/dags/my_dag.py
[2023-08-16T05:53:21.470+0000] {processor.py:826} INFO - Processing file /opt/airflow/dags/my_dag.py for tasks to queue
[2023-08-16T05:53:21.470+0000] {logging_mixin.py:150} INFO - [2023-08-16T05:53:21.470+0000] {dagbag.py:541} INFO - Filling up the DagBag from /opt/airflow/dags/my_dag.py
[2023-08-16T05:53:21.478+0000] {processor.py:836} INFO - DAG(s) dict_keys(['my_dag']) retrieved from /opt/airflow/dags/my_dag.py
[2023-08-16T05:53:21.498+0000] {logging_mixin.py:150} INFO - [2023-08-16T05:53:21.498+0000] {dag.py:2742} INFO - Sync 1 DAGs
[2023-08-16T05:53:21.512+0000] {logging_mixin.py:150} INFO - [2023-08-16T05:53:21.512+0000] {dag.py:3508} INFO - Setting next_dagrun for my_dag to 2023-08-16T00:00:00+00:00, run_after=2023-08-17T00:00:00+00:00
[2023-08-16T05:53:21.520+0000] {processor.py:179} INFO - Processing /opt/airflow/dags/my_dag.py took 0.054 seconds
[2023-08-16T05:53:52.439+0000] {processor.py:157} INFO - Started process (PID=561) to work on /opt/airflow/dags/my_dag.py
[2023-08-16T05:53:52.440+0000] {processor.py:826} INFO - Processing file /opt/airflow/dags/my_dag.py for tasks to queue
[2023-08-16T05:53:52.441+0000] {logging_mixin.py:150} INFO - [2023-08-16T05:53:52.441+0000] {dagbag.py:541} INFO - Filling up the DagBag from /opt/airflow/dags/my_dag.py
[2023-08-16T05:53:52.451+0000] {processor.py:836} INFO - DAG(s) dict_keys(['my_dag']) retrieved from /opt/airflow/dags/my_dag.py
[2023-08-16T05:53:52.469+0000] {logging_mixin.py:150} INFO - [2023-08-16T05:53:52.469+0000] {dag.py:2742} INFO - Sync 1 DAGs
[2023-08-16T05:53:52.484+0000] {logging_mixin.py:150} INFO - [2023-08-16T05:53:52.483+0000] {dag.py:3508} INFO - Setting next_dagrun for my_dag to 2023-08-16T00:00:00+00:00, run_after=2023-08-17T00:00:00+00:00
[2023-08-16T05:53:52.492+0000] {processor.py:179} INFO - Processing /opt/airflow/dags/my_dag.py took 0.062 seconds
[2023-08-16T05:54:23.366+0000] {processor.py:157} INFO - Started process (PID=619) to work on /opt/airflow/dags/my_dag.py
[2023-08-16T05:54:23.367+0000] {processor.py:826} INFO - Processing file /opt/airflow/dags/my_dag.py for tasks to queue
[2023-08-16T05:54:23.368+0000] {logging_mixin.py:150} INFO - [2023-08-16T05:54:23.368+0000] {dagbag.py:541} INFO - Filling up the DagBag from /opt/airflow/dags/my_dag.py
[2023-08-16T05:54:23.383+0000] {processor.py:836} INFO - DAG(s) dict_keys(['my_dag']) retrieved from /opt/airflow/dags/my_dag.py
[2023-08-16T05:54:23.423+0000] {logging_mixin.py:150} INFO - [2023-08-16T05:54:23.423+0000] {dag.py:2742} INFO - Sync 1 DAGs
[2023-08-16T05:54:23.440+0000] {logging_mixin.py:150} INFO - [2023-08-16T05:54:23.440+0000] {dag.py:3508} INFO - Setting next_dagrun for my_dag to 2023-08-16T00:00:00+00:00, run_after=2023-08-17T00:00:00+00:00
[2023-08-16T05:54:23.451+0000] {processor.py:179} INFO - Processing /opt/airflow/dags/my_dag.py took 0.092 seconds
[2023-08-16T05:54:54.415+0000] {processor.py:157} INFO - Started process (PID=677) to work on /opt/airflow/dags/my_dag.py
[2023-08-16T05:54:54.417+0000] {processor.py:826} INFO - Processing file /opt/airflow/dags/my_dag.py for tasks to queue
[2023-08-16T05:54:54.418+0000] {logging_mixin.py:150} INFO - [2023-08-16T05:54:54.417+0000] {dagbag.py:541} INFO - Filling up the DagBag from /opt/airflow/dags/my_dag.py
[2023-08-16T05:54:54.429+0000] {processor.py:836} INFO - DAG(s) dict_keys(['my_dag']) retrieved from /opt/airflow/dags/my_dag.py
[2023-08-16T05:54:54.448+0000] {logging_mixin.py:150} INFO - [2023-08-16T05:54:54.448+0000] {dag.py:2742} INFO - Sync 1 DAGs
[2023-08-16T05:54:54.464+0000] {logging_mixin.py:150} INFO - [2023-08-16T05:54:54.464+0000] {dag.py:3508} INFO - Setting next_dagrun for my_dag to 2023-08-16T00:00:00+00:00, run_after=2023-08-17T00:00:00+00:00
[2023-08-16T05:54:54.472+0000] {processor.py:179} INFO - Processing /opt/airflow/dags/my_dag.py took 0.061 seconds
[2023-08-16T05:55:25.414+0000] {processor.py:157} INFO - Started process (PID=735) to work on /opt/airflow/dags/my_dag.py
[2023-08-16T05:55:25.416+0000] {processor.py:826} INFO - Processing file /opt/airflow/dags/my_dag.py for tasks to queue
[2023-08-16T05:55:25.418+0000] {logging_mixin.py:150} INFO - [2023-08-16T05:55:25.417+0000] {dagbag.py:541} INFO - Filling up the DagBag from /opt/airflow/dags/my_dag.py
[2023-08-16T05:55:25.432+0000] {processor.py:836} INFO - DAG(s) dict_keys(['my_dag']) retrieved from /opt/airflow/dags/my_dag.py
[2023-08-16T05:55:25.453+0000] {logging_mixin.py:150} INFO - [2023-08-16T05:55:25.453+0000] {dag.py:2742} INFO - Sync 1 DAGs
[2023-08-16T05:55:25.469+0000] {logging_mixin.py:150} INFO - [2023-08-16T05:55:25.468+0000] {dag.py:3508} INFO - Setting next_dagrun for my_dag to 2023-08-16T00:00:00+00:00, run_after=2023-08-17T00:00:00+00:00
[2023-08-16T05:55:25.477+0000] {processor.py:179} INFO - Processing /opt/airflow/dags/my_dag.py took 0.068 seconds
[2023-08-16T05:55:56.405+0000] {processor.py:157} INFO - Started process (PID=794) to work on /opt/airflow/dags/my_dag.py
[2023-08-16T05:55:56.407+0000] {processor.py:826} INFO - Processing file /opt/airflow/dags/my_dag.py for tasks to queue
[2023-08-16T05:55:56.408+0000] {logging_mixin.py:150} INFO - [2023-08-16T05:55:56.408+0000] {dagbag.py:541} INFO - Filling up the DagBag from /opt/airflow/dags/my_dag.py
[2023-08-16T05:55:56.420+0000] {processor.py:836} INFO - DAG(s) dict_keys(['my_dag']) retrieved from /opt/airflow/dags/my_dag.py
[2023-08-16T05:55:56.440+0000] {logging_mixin.py:150} INFO - [2023-08-16T05:55:56.440+0000] {dag.py:2742} INFO - Sync 1 DAGs
[2023-08-16T05:55:56.455+0000] {logging_mixin.py:150} INFO - [2023-08-16T05:55:56.455+0000] {dag.py:3508} INFO - Setting next_dagrun for my_dag to 2023-08-16T00:00:00+00:00, run_after=2023-08-17T00:00:00+00:00
[2023-08-16T05:55:56.464+0000] {processor.py:179} INFO - Processing /opt/airflow/dags/my_dag.py took 0.063 seconds
[2023-08-16T05:56:27.401+0000] {processor.py:157} INFO - Started process (PID=851) to work on /opt/airflow/dags/my_dag.py
[2023-08-16T05:56:27.402+0000] {processor.py:826} INFO - Processing file /opt/airflow/dags/my_dag.py for tasks to queue
[2023-08-16T05:56:27.403+0000] {logging_mixin.py:150} INFO - [2023-08-16T05:56:27.403+0000] {dagbag.py:541} INFO - Filling up the DagBag from /opt/airflow/dags/my_dag.py
[2023-08-16T05:56:27.414+0000] {processor.py:836} INFO - DAG(s) dict_keys(['my_dag']) retrieved from /opt/airflow/dags/my_dag.py
[2023-08-16T05:56:27.434+0000] {logging_mixin.py:150} INFO - [2023-08-16T05:56:27.434+0000] {dag.py:2742} INFO - Sync 1 DAGs
[2023-08-16T05:56:27.449+0000] {logging_mixin.py:150} INFO - [2023-08-16T05:56:27.449+0000] {dag.py:3508} INFO - Setting next_dagrun for my_dag to 2023-08-16T00:00:00+00:00, run_after=2023-08-17T00:00:00+00:00
[2023-08-16T05:56:27.459+0000] {processor.py:179} INFO - Processing /opt/airflow/dags/my_dag.py took 0.062 seconds
[2023-08-16T05:56:57.543+0000] {processor.py:157} INFO - Started process (PID=909) to work on /opt/airflow/dags/my_dag.py
[2023-08-16T05:56:57.544+0000] {processor.py:826} INFO - Processing file /opt/airflow/dags/my_dag.py for tasks to queue
[2023-08-16T05:56:57.545+0000] {logging_mixin.py:150} INFO - [2023-08-16T05:56:57.544+0000] {dagbag.py:541} INFO - Filling up the DagBag from /opt/airflow/dags/my_dag.py
[2023-08-16T05:56:57.562+0000] {processor.py:836} INFO - DAG(s) dict_keys(['my_dag']) retrieved from /opt/airflow/dags/my_dag.py
[2023-08-16T05:56:57.585+0000] {logging_mixin.py:150} INFO - [2023-08-16T05:56:57.585+0000] {dag.py:2742} INFO - Sync 1 DAGs
[2023-08-16T05:56:57.601+0000] {logging_mixin.py:150} INFO - [2023-08-16T05:56:57.601+0000] {dag.py:3508} INFO - Setting next_dagrun for my_dag to 2023-08-16T00:00:00+00:00, run_after=2023-08-17T00:00:00+00:00
[2023-08-16T05:56:57.611+0000] {processor.py:179} INFO - Processing /opt/airflow/dags/my_dag.py took 0.075 seconds
[2023-08-16T05:57:27.686+0000] {processor.py:157} INFO - Started process (PID=967) to work on /opt/airflow/dags/my_dag.py
[2023-08-16T05:57:27.687+0000] {processor.py:826} INFO - Processing file /opt/airflow/dags/my_dag.py for tasks to queue
[2023-08-16T05:57:27.688+0000] {logging_mixin.py:150} INFO - [2023-08-16T05:57:27.688+0000] {dagbag.py:541} INFO - Filling up the DagBag from /opt/airflow/dags/my_dag.py
[2023-08-16T05:57:27.697+0000] {processor.py:836} INFO - DAG(s) dict_keys(['my_dag']) retrieved from /opt/airflow/dags/my_dag.py
[2023-08-16T05:57:27.713+0000] {logging_mixin.py:150} INFO - [2023-08-16T05:57:27.713+0000] {dag.py:2742} INFO - Sync 1 DAGs
[2023-08-16T05:57:27.727+0000] {logging_mixin.py:150} INFO - [2023-08-16T05:57:27.727+0000] {dag.py:3508} INFO - Setting next_dagrun for my_dag to 2023-08-16T00:00:00+00:00, run_after=2023-08-17T00:00:00+00:00
[2023-08-16T05:57:27.735+0000] {processor.py:179} INFO - Processing /opt/airflow/dags/my_dag.py took 0.052 seconds
[2023-08-16T05:57:57.908+0000] {processor.py:157} INFO - Started process (PID=1025) to work on /opt/airflow/dags/my_dag.py
[2023-08-16T05:57:57.909+0000] {processor.py:826} INFO - Processing file /opt/airflow/dags/my_dag.py for tasks to queue
[2023-08-16T05:57:57.910+0000] {logging_mixin.py:150} INFO - [2023-08-16T05:57:57.910+0000] {dagbag.py:541} INFO - Filling up the DagBag from /opt/airflow/dags/my_dag.py
[2023-08-16T05:57:57.922+0000] {processor.py:836} INFO - DAG(s) dict_keys(['my_dag']) retrieved from /opt/airflow/dags/my_dag.py
[2023-08-16T05:57:57.942+0000] {logging_mixin.py:150} INFO - [2023-08-16T05:57:57.941+0000] {dag.py:2742} INFO - Sync 1 DAGs
[2023-08-16T05:57:57.957+0000] {logging_mixin.py:150} INFO - [2023-08-16T05:57:57.957+0000] {dag.py:3508} INFO - Setting next_dagrun for my_dag to 2023-08-16T00:00:00+00:00, run_after=2023-08-17T00:00:00+00:00
[2023-08-16T05:57:57.965+0000] {processor.py:179} INFO - Processing /opt/airflow/dags/my_dag.py took 0.062 seconds
[2023-08-16T05:58:28.047+0000] {processor.py:157} INFO - Started process (PID=1083) to work on /opt/airflow/dags/my_dag.py
[2023-08-16T05:58:28.048+0000] {processor.py:826} INFO - Processing file /opt/airflow/dags/my_dag.py for tasks to queue
[2023-08-16T05:58:28.048+0000] {logging_mixin.py:150} INFO - [2023-08-16T05:58:28.048+0000] {dagbag.py:541} INFO - Filling up the DagBag from /opt/airflow/dags/my_dag.py
[2023-08-16T05:58:28.058+0000] {processor.py:836} INFO - DAG(s) dict_keys(['my_dag']) retrieved from /opt/airflow/dags/my_dag.py
[2023-08-16T05:58:28.073+0000] {logging_mixin.py:150} INFO - [2023-08-16T05:58:28.073+0000] {dag.py:2742} INFO - Sync 1 DAGs
[2023-08-16T05:58:28.088+0000] {logging_mixin.py:150} INFO - [2023-08-16T05:58:28.088+0000] {dag.py:3508} INFO - Setting next_dagrun for my_dag to 2023-08-16T00:00:00+00:00, run_after=2023-08-17T00:00:00+00:00
[2023-08-16T05:58:28.096+0000] {processor.py:179} INFO - Processing /opt/airflow/dags/my_dag.py took 0.051 seconds
[2023-08-16T05:58:58.250+0000] {processor.py:157} INFO - Started process (PID=1141) to work on /opt/airflow/dags/my_dag.py
[2023-08-16T05:58:58.252+0000] {processor.py:826} INFO - Processing file /opt/airflow/dags/my_dag.py for tasks to queue
[2023-08-16T05:58:58.253+0000] {logging_mixin.py:150} INFO - [2023-08-16T05:58:58.253+0000] {dagbag.py:541} INFO - Filling up the DagBag from /opt/airflow/dags/my_dag.py
[2023-08-16T05:58:58.269+0000] {processor.py:836} INFO - DAG(s) dict_keys(['my_dag']) retrieved from /opt/airflow/dags/my_dag.py
[2023-08-16T05:58:58.292+0000] {logging_mixin.py:150} INFO - [2023-08-16T05:58:58.292+0000] {dag.py:2742} INFO - Sync 1 DAGs
[2023-08-16T05:58:58.309+0000] {logging_mixin.py:150} INFO - [2023-08-16T05:58:58.309+0000] {dag.py:3508} INFO - Setting next_dagrun for my_dag to 2023-08-16T00:00:00+00:00, run_after=2023-08-17T00:00:00+00:00
[2023-08-16T05:58:58.319+0000] {processor.py:179} INFO - Processing /opt/airflow/dags/my_dag.py took 0.075 seconds
[2023-08-16T05:59:28.501+0000] {processor.py:157} INFO - Started process (PID=1199) to work on /opt/airflow/dags/my_dag.py
[2023-08-16T05:59:28.503+0000] {processor.py:826} INFO - Processing file /opt/airflow/dags/my_dag.py for tasks to queue
[2023-08-16T05:59:28.504+0000] {logging_mixin.py:150} INFO - [2023-08-16T05:59:28.504+0000] {dagbag.py:541} INFO - Filling up the DagBag from /opt/airflow/dags/my_dag.py
[2023-08-16T05:59:28.518+0000] {processor.py:836} INFO - DAG(s) dict_keys(['my_dag']) retrieved from /opt/airflow/dags/my_dag.py
[2023-08-16T05:59:28.539+0000] {logging_mixin.py:150} INFO - [2023-08-16T05:59:28.539+0000] {dag.py:2742} INFO - Sync 1 DAGs
[2023-08-16T05:59:28.555+0000] {logging_mixin.py:150} INFO - [2023-08-16T05:59:28.555+0000] {dag.py:3508} INFO - Setting next_dagrun for my_dag to 2023-08-16T00:00:00+00:00, run_after=2023-08-17T00:00:00+00:00
[2023-08-16T05:59:28.563+0000] {processor.py:179} INFO - Processing /opt/airflow/dags/my_dag.py took 0.067 seconds
[2023-08-16T05:59:58.606+0000] {processor.py:157} INFO - Started process (PID=1257) to work on /opt/airflow/dags/my_dag.py
[2023-08-16T05:59:58.607+0000] {processor.py:826} INFO - Processing file /opt/airflow/dags/my_dag.py for tasks to queue
[2023-08-16T05:59:58.609+0000] {logging_mixin.py:150} INFO - [2023-08-16T05:59:58.608+0000] {dagbag.py:541} INFO - Filling up the DagBag from /opt/airflow/dags/my_dag.py
[2023-08-16T05:59:58.621+0000] {processor.py:836} INFO - DAG(s) dict_keys(['my_dag']) retrieved from /opt/airflow/dags/my_dag.py
[2023-08-16T05:59:58.642+0000] {logging_mixin.py:150} INFO - [2023-08-16T05:59:58.642+0000] {dag.py:2742} INFO - Sync 1 DAGs
[2023-08-16T05:59:58.658+0000] {logging_mixin.py:150} INFO - [2023-08-16T05:59:58.658+0000] {dag.py:3508} INFO - Setting next_dagrun for my_dag to 2023-08-16T00:00:00+00:00, run_after=2023-08-17T00:00:00+00:00
[2023-08-16T05:59:58.666+0000] {processor.py:179} INFO - Processing /opt/airflow/dags/my_dag.py took 0.065 seconds
[2023-08-16T06:00:29.650+0000] {processor.py:157} INFO - Started process (PID=1315) to work on /opt/airflow/dags/my_dag.py
[2023-08-16T06:00:29.652+0000] {processor.py:826} INFO - Processing file /opt/airflow/dags/my_dag.py for tasks to queue
[2023-08-16T06:00:29.653+0000] {logging_mixin.py:150} INFO - [2023-08-16T06:00:29.653+0000] {dagbag.py:541} INFO - Filling up the DagBag from /opt/airflow/dags/my_dag.py
[2023-08-16T06:00:29.665+0000] {processor.py:836} INFO - DAG(s) dict_keys(['my_dag']) retrieved from /opt/airflow/dags/my_dag.py
[2023-08-16T06:00:29.686+0000] {logging_mixin.py:150} INFO - [2023-08-16T06:00:29.685+0000] {dag.py:2742} INFO - Sync 1 DAGs
[2023-08-16T06:00:29.701+0000] {logging_mixin.py:150} INFO - [2023-08-16T06:00:29.701+0000] {dag.py:3508} INFO - Setting next_dagrun for my_dag to 2023-08-16T00:00:00+00:00, run_after=2023-08-17T00:00:00+00:00
[2023-08-16T06:00:29.710+0000] {processor.py:179} INFO - Processing /opt/airflow/dags/my_dag.py took 0.066 seconds
[2023-08-16T06:01:00.601+0000] {processor.py:157} INFO - Started process (PID=1373) to work on /opt/airflow/dags/my_dag.py
[2023-08-16T06:01:00.603+0000] {processor.py:826} INFO - Processing file /opt/airflow/dags/my_dag.py for tasks to queue
[2023-08-16T06:01:00.604+0000] {logging_mixin.py:150} INFO - [2023-08-16T06:01:00.603+0000] {dagbag.py:541} INFO - Filling up the DagBag from /opt/airflow/dags/my_dag.py
[2023-08-16T06:01:00.616+0000] {processor.py:836} INFO - DAG(s) dict_keys(['my_dag']) retrieved from /opt/airflow/dags/my_dag.py
[2023-08-16T06:01:00.638+0000] {logging_mixin.py:150} INFO - [2023-08-16T06:01:00.638+0000] {dag.py:2742} INFO - Sync 1 DAGs
[2023-08-16T06:01:00.654+0000] {logging_mixin.py:150} INFO - [2023-08-16T06:01:00.654+0000] {dag.py:3508} INFO - Setting next_dagrun for my_dag to 2023-08-16T00:00:00+00:00, run_after=2023-08-17T00:00:00+00:00
[2023-08-16T06:01:00.662+0000] {processor.py:179} INFO - Processing /opt/airflow/dags/my_dag.py took 0.067 seconds
[2023-08-16T06:01:31.561+0000] {processor.py:157} INFO - Started process (PID=1431) to work on /opt/airflow/dags/my_dag.py
[2023-08-16T06:01:31.562+0000] {processor.py:826} INFO - Processing file /opt/airflow/dags/my_dag.py for tasks to queue
[2023-08-16T06:01:31.563+0000] {logging_mixin.py:150} INFO - [2023-08-16T06:01:31.563+0000] {dagbag.py:541} INFO - Filling up the DagBag from /opt/airflow/dags/my_dag.py
[2023-08-16T06:01:31.572+0000] {processor.py:836} INFO - DAG(s) dict_keys(['my_dag']) retrieved from /opt/airflow/dags/my_dag.py
[2023-08-16T06:01:31.590+0000] {logging_mixin.py:150} INFO - [2023-08-16T06:01:31.589+0000] {dag.py:2742} INFO - Sync 1 DAGs
[2023-08-16T06:01:31.605+0000] {logging_mixin.py:150} INFO - [2023-08-16T06:01:31.605+0000] {dag.py:3508} INFO - Setting next_dagrun for my_dag to 2023-08-16T00:00:00+00:00, run_after=2023-08-17T00:00:00+00:00
[2023-08-16T06:01:31.614+0000] {processor.py:179} INFO - Processing /opt/airflow/dags/my_dag.py took 0.057 seconds
[2023-08-16T06:02:01.749+0000] {processor.py:157} INFO - Started process (PID=1489) to work on /opt/airflow/dags/my_dag.py
[2023-08-16T06:02:01.752+0000] {processor.py:826} INFO - Processing file /opt/airflow/dags/my_dag.py for tasks to queue
[2023-08-16T06:02:01.754+0000] {logging_mixin.py:150} INFO - [2023-08-16T06:02:01.753+0000] {dagbag.py:541} INFO - Filling up the DagBag from /opt/airflow/dags/my_dag.py
[2023-08-16T06:02:01.774+0000] {processor.py:836} INFO - DAG(s) dict_keys(['my_dag']) retrieved from /opt/airflow/dags/my_dag.py
[2023-08-16T06:02:01.798+0000] {logging_mixin.py:150} INFO - [2023-08-16T06:02:01.798+0000] {dag.py:2742} INFO - Sync 1 DAGs
[2023-08-16T06:02:01.819+0000] {logging_mixin.py:150} INFO - [2023-08-16T06:02:01.818+0000] {dag.py:3508} INFO - Setting next_dagrun for my_dag to 2023-08-16T00:00:00+00:00, run_after=2023-08-17T00:00:00+00:00
[2023-08-16T06:02:01.829+0000] {processor.py:179} INFO - Processing /opt/airflow/dags/my_dag.py took 0.090 seconds
[2023-08-16T06:17:36.492+0000] {processor.py:157} INFO - Started process (PID=1534) to work on /opt/airflow/dags/my_dag.py
[2023-08-16T06:17:36.493+0000] {processor.py:826} INFO - Processing file /opt/airflow/dags/my_dag.py for tasks to queue
[2023-08-16T06:17:36.493+0000] {logging_mixin.py:150} INFO - [2023-08-16T06:17:36.493+0000] {dagbag.py:541} INFO - Filling up the DagBag from /opt/airflow/dags/my_dag.py
[2023-08-16T06:17:36.506+0000] {processor.py:836} INFO - DAG(s) dict_keys(['my_dag']) retrieved from /opt/airflow/dags/my_dag.py
[2023-08-16T06:17:36.595+0000] {logging_mixin.py:150} INFO - [2023-08-16T06:17:36.595+0000] {dag.py:2742} INFO - Sync 1 DAGs
[2023-08-16T06:17:36.647+0000] {logging_mixin.py:150} INFO - [2023-08-16T06:17:36.647+0000] {dag.py:3508} INFO - Setting next_dagrun for my_dag to 2023-08-16T00:00:00+00:00, run_after=2023-08-17T00:00:00+00:00
[2023-08-16T06:17:36.676+0000] {processor.py:179} INFO - Processing /opt/airflow/dags/my_dag.py took 0.187 seconds
[2023-08-16T06:18:07.168+0000] {processor.py:157} INFO - Started process (PID=1592) to work on /opt/airflow/dags/my_dag.py
[2023-08-16T06:18:07.169+0000] {processor.py:826} INFO - Processing file /opt/airflow/dags/my_dag.py for tasks to queue
[2023-08-16T06:18:07.171+0000] {logging_mixin.py:150} INFO - [2023-08-16T06:18:07.170+0000] {dagbag.py:541} INFO - Filling up the DagBag from /opt/airflow/dags/my_dag.py
[2023-08-16T06:18:07.183+0000] {processor.py:836} INFO - DAG(s) dict_keys(['my_dag']) retrieved from /opt/airflow/dags/my_dag.py
[2023-08-16T06:18:07.206+0000] {logging_mixin.py:150} INFO - [2023-08-16T06:18:07.206+0000] {dag.py:2742} INFO - Sync 1 DAGs
[2023-08-16T06:18:07.223+0000] {logging_mixin.py:150} INFO - [2023-08-16T06:18:07.223+0000] {dag.py:3508} INFO - Setting next_dagrun for my_dag to 2023-08-16T00:00:00+00:00, run_after=2023-08-17T00:00:00+00:00
[2023-08-16T06:18:07.232+0000] {processor.py:179} INFO - Processing /opt/airflow/dags/my_dag.py took 0.070 seconds
[2023-08-16T06:35:18.832+0000] {processor.py:157} INFO - Started process (PID=1650) to work on /opt/airflow/dags/my_dag.py
[2023-08-16T06:35:18.839+0000] {processor.py:826} INFO - Processing file /opt/airflow/dags/my_dag.py for tasks to queue
[2023-08-16T06:35:18.840+0000] {logging_mixin.py:150} INFO - [2023-08-16T06:35:18.840+0000] {dagbag.py:541} INFO - Filling up the DagBag from /opt/airflow/dags/my_dag.py
[2023-08-16T06:35:18.869+0000] {processor.py:836} INFO - DAG(s) dict_keys(['my_dag']) retrieved from /opt/airflow/dags/my_dag.py
[2023-08-16T06:35:18.960+0000] {logging_mixin.py:150} INFO - [2023-08-16T06:35:18.959+0000] {dag.py:2742} INFO - Sync 1 DAGs
[2023-08-16T06:35:19.013+0000] {logging_mixin.py:150} INFO - [2023-08-16T06:35:19.013+0000] {dag.py:3508} INFO - Setting next_dagrun for my_dag to 2023-08-16T00:00:00+00:00, run_after=2023-08-17T00:00:00+00:00
[2023-08-16T06:35:19.058+0000] {processor.py:179} INFO - Processing /opt/airflow/dags/my_dag.py took 0.244 seconds
[2023-08-16T06:50:58.887+0000] {processor.py:157} INFO - Started process (PID=1708) to work on /opt/airflow/dags/my_dag.py
[2023-08-16T06:50:58.888+0000] {processor.py:826} INFO - Processing file /opt/airflow/dags/my_dag.py for tasks to queue
[2023-08-16T06:50:58.889+0000] {logging_mixin.py:150} INFO - [2023-08-16T06:50:58.889+0000] {dagbag.py:541} INFO - Filling up the DagBag from /opt/airflow/dags/my_dag.py
[2023-08-16T06:50:58.900+0000] {processor.py:836} INFO - DAG(s) dict_keys(['my_dag']) retrieved from /opt/airflow/dags/my_dag.py
[2023-08-16T06:50:58.918+0000] {logging_mixin.py:150} INFO - [2023-08-16T06:50:58.918+0000] {dag.py:2742} INFO - Sync 1 DAGs
[2023-08-16T06:50:58.935+0000] {logging_mixin.py:150} INFO - [2023-08-16T06:50:58.935+0000] {dag.py:3508} INFO - Setting next_dagrun for my_dag to 2023-08-16T00:00:00+00:00, run_after=2023-08-17T00:00:00+00:00
[2023-08-16T06:50:58.945+0000] {processor.py:179} INFO - Processing /opt/airflow/dags/my_dag.py took 0.062 seconds
[2023-08-16T06:51:29.596+0000] {processor.py:157} INFO - Started process (PID=1766) to work on /opt/airflow/dags/my_dag.py
[2023-08-16T06:51:29.598+0000] {processor.py:826} INFO - Processing file /opt/airflow/dags/my_dag.py for tasks to queue
[2023-08-16T06:51:29.600+0000] {logging_mixin.py:150} INFO - [2023-08-16T06:51:29.599+0000] {dagbag.py:541} INFO - Filling up the DagBag from /opt/airflow/dags/my_dag.py
[2023-08-16T06:51:29.616+0000] {processor.py:836} INFO - DAG(s) dict_keys(['my_dag']) retrieved from /opt/airflow/dags/my_dag.py
[2023-08-16T06:51:29.644+0000] {logging_mixin.py:150} INFO - [2023-08-16T06:51:29.644+0000] {dag.py:2742} INFO - Sync 1 DAGs
[2023-08-16T06:51:29.663+0000] {logging_mixin.py:150} INFO - [2023-08-16T06:51:29.662+0000] {dag.py:3508} INFO - Setting next_dagrun for my_dag to 2023-08-16T00:00:00+00:00, run_after=2023-08-17T00:00:00+00:00
[2023-08-16T06:51:29.673+0000] {processor.py:179} INFO - Processing /opt/airflow/dags/my_dag.py took 0.084 seconds
[2023-08-16T06:57:14.118+0000] {processor.py:157} INFO - Started process (PID=1824) to work on /opt/airflow/dags/my_dag.py
[2023-08-16T06:57:14.128+0000] {processor.py:826} INFO - Processing file /opt/airflow/dags/my_dag.py for tasks to queue
[2023-08-16T06:57:14.131+0000] {logging_mixin.py:150} INFO - [2023-08-16T06:57:14.129+0000] {dagbag.py:541} INFO - Filling up the DagBag from /opt/airflow/dags/my_dag.py
[2023-08-16T06:57:14.201+0000] {processor.py:836} INFO - DAG(s) dict_keys(['my_dag']) retrieved from /opt/airflow/dags/my_dag.py
[2023-08-16T06:57:14.289+0000] {logging_mixin.py:150} INFO - [2023-08-16T06:57:14.289+0000] {dag.py:2742} INFO - Sync 1 DAGs
[2023-08-16T06:57:14.335+0000] {logging_mixin.py:150} INFO - [2023-08-16T06:57:14.335+0000] {dag.py:3508} INFO - Setting next_dagrun for my_dag to 2023-08-16T00:00:00+00:00, run_after=2023-08-17T00:00:00+00:00
[2023-08-16T06:57:14.359+0000] {processor.py:179} INFO - Processing /opt/airflow/dags/my_dag.py took 0.257 seconds
[2023-08-16T06:57:44.940+0000] {processor.py:157} INFO - Started process (PID=1882) to work on /opt/airflow/dags/my_dag.py
[2023-08-16T06:57:44.941+0000] {processor.py:826} INFO - Processing file /opt/airflow/dags/my_dag.py for tasks to queue
[2023-08-16T06:57:44.943+0000] {logging_mixin.py:150} INFO - [2023-08-16T06:57:44.943+0000] {dagbag.py:541} INFO - Filling up the DagBag from /opt/airflow/dags/my_dag.py
[2023-08-16T06:57:44.962+0000] {processor.py:836} INFO - DAG(s) dict_keys(['my_dag']) retrieved from /opt/airflow/dags/my_dag.py
[2023-08-16T06:57:44.984+0000] {logging_mixin.py:150} INFO - [2023-08-16T06:57:44.984+0000] {dag.py:2742} INFO - Sync 1 DAGs
[2023-08-16T06:57:45.000+0000] {logging_mixin.py:150} INFO - [2023-08-16T06:57:45.000+0000] {dag.py:3508} INFO - Setting next_dagrun for my_dag to 2023-08-16T00:00:00+00:00, run_after=2023-08-17T00:00:00+00:00
[2023-08-16T06:57:45.010+0000] {processor.py:179} INFO - Processing /opt/airflow/dags/my_dag.py took 0.077 seconds
[2023-08-16T06:58:15.170+0000] {processor.py:157} INFO - Started process (PID=1940) to work on /opt/airflow/dags/my_dag.py
[2023-08-16T06:58:15.173+0000] {processor.py:826} INFO - Processing file /opt/airflow/dags/my_dag.py for tasks to queue
[2023-08-16T06:58:15.174+0000] {logging_mixin.py:150} INFO - [2023-08-16T06:58:15.173+0000] {dagbag.py:541} INFO - Filling up the DagBag from /opt/airflow/dags/my_dag.py
[2023-08-16T06:58:15.187+0000] {processor.py:836} INFO - DAG(s) dict_keys(['my_dag']) retrieved from /opt/airflow/dags/my_dag.py
[2023-08-16T06:58:15.209+0000] {logging_mixin.py:150} INFO - [2023-08-16T06:58:15.209+0000] {dag.py:2742} INFO - Sync 1 DAGs
[2023-08-16T06:58:15.226+0000] {logging_mixin.py:150} INFO - [2023-08-16T06:58:15.225+0000] {dag.py:3508} INFO - Setting next_dagrun for my_dag to 2023-08-16T00:00:00+00:00, run_after=2023-08-17T00:00:00+00:00
[2023-08-16T06:58:15.234+0000] {processor.py:179} INFO - Processing /opt/airflow/dags/my_dag.py took 0.069 seconds
[2023-08-16T06:58:45.347+0000] {processor.py:157} INFO - Started process (PID=1998) to work on /opt/airflow/dags/my_dag.py
[2023-08-16T06:58:45.348+0000] {processor.py:826} INFO - Processing file /opt/airflow/dags/my_dag.py for tasks to queue
[2023-08-16T06:58:45.350+0000] {logging_mixin.py:150} INFO - [2023-08-16T06:58:45.349+0000] {dagbag.py:541} INFO - Filling up the DagBag from /opt/airflow/dags/my_dag.py
[2023-08-16T06:58:45.382+0000] {processor.py:836} INFO - DAG(s) dict_keys(['my_dag']) retrieved from /opt/airflow/dags/my_dag.py
[2023-08-16T06:58:45.401+0000] {logging_mixin.py:150} INFO - [2023-08-16T06:58:45.400+0000] {dag.py:2742} INFO - Sync 1 DAGs
[2023-08-16T06:58:45.418+0000] {logging_mixin.py:150} INFO - [2023-08-16T06:58:45.418+0000] {dag.py:3508} INFO - Setting next_dagrun for my_dag to 2023-08-16T00:00:00+00:00, run_after=2023-08-17T00:00:00+00:00
[2023-08-16T06:58:45.428+0000] {processor.py:179} INFO - Processing /opt/airflow/dags/my_dag.py took 0.087 seconds
[2023-08-16T06:59:15.565+0000] {processor.py:157} INFO - Started process (PID=2056) to work on /opt/airflow/dags/my_dag.py
[2023-08-16T06:59:15.566+0000] {processor.py:826} INFO - Processing file /opt/airflow/dags/my_dag.py for tasks to queue
[2023-08-16T06:59:15.568+0000] {logging_mixin.py:150} INFO - [2023-08-16T06:59:15.567+0000] {dagbag.py:541} INFO - Filling up the DagBag from /opt/airflow/dags/my_dag.py
[2023-08-16T06:59:15.585+0000] {processor.py:836} INFO - DAG(s) dict_keys(['my_dag']) retrieved from /opt/airflow/dags/my_dag.py
[2023-08-16T06:59:15.605+0000] {logging_mixin.py:150} INFO - [2023-08-16T06:59:15.604+0000] {dag.py:2742} INFO - Sync 1 DAGs
[2023-08-16T06:59:15.626+0000] {logging_mixin.py:150} INFO - [2023-08-16T06:59:15.626+0000] {dag.py:3508} INFO - Setting next_dagrun for my_dag to 2023-08-16T00:00:00+00:00, run_after=2023-08-17T00:00:00+00:00
[2023-08-16T06:59:15.636+0000] {processor.py:179} INFO - Processing /opt/airflow/dags/my_dag.py took 0.075 seconds
[2023-08-16T06:59:45.904+0000] {processor.py:157} INFO - Started process (PID=2114) to work on /opt/airflow/dags/my_dag.py
[2023-08-16T06:59:45.906+0000] {processor.py:826} INFO - Processing file /opt/airflow/dags/my_dag.py for tasks to queue
[2023-08-16T06:59:45.908+0000] {logging_mixin.py:150} INFO - [2023-08-16T06:59:45.908+0000] {dagbag.py:541} INFO - Filling up the DagBag from /opt/airflow/dags/my_dag.py
[2023-08-16T06:59:45.922+0000] {processor.py:836} INFO - DAG(s) dict_keys(['my_dag']) retrieved from /opt/airflow/dags/my_dag.py
[2023-08-16T06:59:45.946+0000] {logging_mixin.py:150} INFO - [2023-08-16T06:59:45.946+0000] {dag.py:2742} INFO - Sync 1 DAGs
[2023-08-16T06:59:45.964+0000] {logging_mixin.py:150} INFO - [2023-08-16T06:59:45.964+0000] {dag.py:3508} INFO - Setting next_dagrun for my_dag to 2023-08-16T00:00:00+00:00, run_after=2023-08-17T00:00:00+00:00
[2023-08-16T06:59:45.975+0000] {processor.py:179} INFO - Processing /opt/airflow/dags/my_dag.py took 0.076 seconds
[2023-08-16T07:00:16.147+0000] {processor.py:157} INFO - Started process (PID=2172) to work on /opt/airflow/dags/my_dag.py
[2023-08-16T07:00:16.149+0000] {processor.py:826} INFO - Processing file /opt/airflow/dags/my_dag.py for tasks to queue
[2023-08-16T07:00:16.151+0000] {logging_mixin.py:150} INFO - [2023-08-16T07:00:16.150+0000] {dagbag.py:541} INFO - Filling up the DagBag from /opt/airflow/dags/my_dag.py
[2023-08-16T07:00:16.172+0000] {processor.py:836} INFO - DAG(s) dict_keys(['my_dag']) retrieved from /opt/airflow/dags/my_dag.py
[2023-08-16T07:00:16.194+0000] {logging_mixin.py:150} INFO - [2023-08-16T07:00:16.194+0000] {dag.py:2742} INFO - Sync 1 DAGs
[2023-08-16T07:00:16.212+0000] {logging_mixin.py:150} INFO - [2023-08-16T07:00:16.212+0000] {dag.py:3508} INFO - Setting next_dagrun for my_dag to 2023-08-16T00:00:00+00:00, run_after=2023-08-17T00:00:00+00:00
[2023-08-16T07:00:16.223+0000] {processor.py:179} INFO - Processing /opt/airflow/dags/my_dag.py took 0.083 seconds
[2023-08-16T07:00:47.124+0000] {processor.py:157} INFO - Started process (PID=2230) to work on /opt/airflow/dags/my_dag.py
[2023-08-16T07:00:47.125+0000] {processor.py:826} INFO - Processing file /opt/airflow/dags/my_dag.py for tasks to queue
[2023-08-16T07:00:47.127+0000] {logging_mixin.py:150} INFO - [2023-08-16T07:00:47.126+0000] {dagbag.py:541} INFO - Filling up the DagBag from /opt/airflow/dags/my_dag.py
[2023-08-16T07:00:47.142+0000] {processor.py:836} INFO - DAG(s) dict_keys(['my_dag']) retrieved from /opt/airflow/dags/my_dag.py
[2023-08-16T07:00:47.160+0000] {logging_mixin.py:150} INFO - [2023-08-16T07:00:47.160+0000] {dag.py:2742} INFO - Sync 1 DAGs
[2023-08-16T07:00:47.175+0000] {logging_mixin.py:150} INFO - [2023-08-16T07:00:47.174+0000] {dag.py:3508} INFO - Setting next_dagrun for my_dag to 2023-08-16T00:00:00+00:00, run_after=2023-08-17T00:00:00+00:00
[2023-08-16T07:00:47.183+0000] {processor.py:179} INFO - Processing /opt/airflow/dags/my_dag.py took 0.065 seconds
[2023-08-16T07:01:17.222+0000] {processor.py:157} INFO - Started process (PID=2287) to work on /opt/airflow/dags/my_dag.py
[2023-08-16T07:01:17.223+0000] {processor.py:826} INFO - Processing file /opt/airflow/dags/my_dag.py for tasks to queue
[2023-08-16T07:01:17.223+0000] {logging_mixin.py:150} INFO - [2023-08-16T07:01:17.223+0000] {dagbag.py:541} INFO - Filling up the DagBag from /opt/airflow/dags/my_dag.py
[2023-08-16T07:01:17.230+0000] {processor.py:836} INFO - DAG(s) dict_keys(['my_dag']) retrieved from /opt/airflow/dags/my_dag.py
[2023-08-16T07:01:17.246+0000] {logging_mixin.py:150} INFO - [2023-08-16T07:01:17.245+0000] {dag.py:2742} INFO - Sync 1 DAGs
[2023-08-16T07:01:17.260+0000] {logging_mixin.py:150} INFO - [2023-08-16T07:01:17.260+0000] {dag.py:3508} INFO - Setting next_dagrun for my_dag to 2023-08-16T00:00:00+00:00, run_after=2023-08-17T00:00:00+00:00
[2023-08-16T07:01:17.270+0000] {processor.py:179} INFO - Processing /opt/airflow/dags/my_dag.py took 0.050 seconds
[2023-08-16T07:01:47.395+0000] {processor.py:157} INFO - Started process (PID=2345) to work on /opt/airflow/dags/my_dag.py
[2023-08-16T07:01:47.396+0000] {processor.py:826} INFO - Processing file /opt/airflow/dags/my_dag.py for tasks to queue
[2023-08-16T07:01:47.397+0000] {logging_mixin.py:150} INFO - [2023-08-16T07:01:47.396+0000] {dagbag.py:541} INFO - Filling up the DagBag from /opt/airflow/dags/my_dag.py
[2023-08-16T07:01:47.405+0000] {processor.py:836} INFO - DAG(s) dict_keys(['my_dag']) retrieved from /opt/airflow/dags/my_dag.py
[2023-08-16T07:01:47.422+0000] {logging_mixin.py:150} INFO - [2023-08-16T07:01:47.422+0000] {dag.py:2742} INFO - Sync 1 DAGs
[2023-08-16T07:01:47.437+0000] {logging_mixin.py:150} INFO - [2023-08-16T07:01:47.437+0000] {dag.py:3508} INFO - Setting next_dagrun for my_dag to 2023-08-16T00:00:00+00:00, run_after=2023-08-17T00:00:00+00:00
[2023-08-16T07:01:47.446+0000] {processor.py:179} INFO - Processing /opt/airflow/dags/my_dag.py took 0.053 seconds
[2023-08-16T07:02:17.489+0000] {processor.py:157} INFO - Started process (PID=2403) to work on /opt/airflow/dags/my_dag.py
[2023-08-16T07:02:17.491+0000] {processor.py:826} INFO - Processing file /opt/airflow/dags/my_dag.py for tasks to queue
[2023-08-16T07:02:17.492+0000] {logging_mixin.py:150} INFO - [2023-08-16T07:02:17.491+0000] {dagbag.py:541} INFO - Filling up the DagBag from /opt/airflow/dags/my_dag.py
[2023-08-16T07:02:17.505+0000] {processor.py:836} INFO - DAG(s) dict_keys(['my_dag']) retrieved from /opt/airflow/dags/my_dag.py
[2023-08-16T07:02:17.527+0000] {logging_mixin.py:150} INFO - [2023-08-16T07:02:17.527+0000] {dag.py:2742} INFO - Sync 1 DAGs
[2023-08-16T07:02:17.544+0000] {logging_mixin.py:150} INFO - [2023-08-16T07:02:17.544+0000] {dag.py:3508} INFO - Setting next_dagrun for my_dag to 2023-08-16T00:00:00+00:00, run_after=2023-08-17T00:00:00+00:00
[2023-08-16T07:02:17.553+0000] {processor.py:179} INFO - Processing /opt/airflow/dags/my_dag.py took 0.070 seconds
[2023-08-16T07:02:47.749+0000] {processor.py:157} INFO - Started process (PID=2461) to work on /opt/airflow/dags/my_dag.py
[2023-08-16T07:02:47.751+0000] {processor.py:826} INFO - Processing file /opt/airflow/dags/my_dag.py for tasks to queue
[2023-08-16T07:02:47.753+0000] {logging_mixin.py:150} INFO - [2023-08-16T07:02:47.752+0000] {dagbag.py:541} INFO - Filling up the DagBag from /opt/airflow/dags/my_dag.py
[2023-08-16T07:02:47.767+0000] {processor.py:836} INFO - DAG(s) dict_keys(['my_dag']) retrieved from /opt/airflow/dags/my_dag.py
[2023-08-16T07:02:47.790+0000] {logging_mixin.py:150} INFO - [2023-08-16T07:02:47.790+0000] {dag.py:2742} INFO - Sync 1 DAGs
[2023-08-16T07:02:47.807+0000] {logging_mixin.py:150} INFO - [2023-08-16T07:02:47.807+0000] {dag.py:3508} INFO - Setting next_dagrun for my_dag to 2023-08-16T00:00:00+00:00, run_after=2023-08-17T00:00:00+00:00
[2023-08-16T07:02:47.816+0000] {processor.py:179} INFO - Processing /opt/airflow/dags/my_dag.py took 0.071 seconds
